<?xml version="1.0" encoding="UTF-8"?>
<!-- Generated by org.testng.reporters.JUnitReportReporter -->
<testsuite skipped="0" hostname="BRTL059" name="com.zoopla.test.Fiftyproptest" tests="4" failures="0" timestamp="2020-09-02T02:33:56 PDT" time="3.802" errors="0">
  <testcase name="Varifyagentlogotest" time="0.164" classname="com.zoopla.test.Fiftyproptest"/>
  <system-out/>
  <testcase name="Varifyagentnametest" time="0.092" classname="com.zoopla.test.Fiftyproptest"/>
  <system-out/>
  <testcase name="Varifyagentnotest" time="1.819" classname="com.zoopla.test.Fiftyproptest"/>
  <system-out/>
  <testcase name="Validateagentnametest" time="1.727" classname="com.zoopla.test.Fiftyproptest"/>
  <system-out/>
</testsuite> <!-- com.zoopla.test.Fiftyproptest -->
