<?xml version="1.0" encoding="UTF-8"?>
<!-- Generated by org.testng.reporters.JUnitReportReporter -->
<testsuite skipped="0" hostname="BRTL059" name="com.zoopla.test.Propertytest" tests="4" failures="0" timestamp="2020-08-31T02:11:59 PDT" time="40.663" errors="0">
  <testcase name="Varifytitletest" time="2.042" classname="com.zoopla.test.Propertytest"/>
  <system-out/>
  <testcase name="VarifyListofPropTest" time="0.674" classname="com.zoopla.test.Propertytest"/>
  <system-out/>
  <testcase name="VarifyPropertyListValuesTest" time="28.687" classname="com.zoopla.test.Propertytest"/>
  <system-out/>
  <testcase name="Varify5thPropertyValuesTest" time="9.260" classname="com.zoopla.test.Propertytest"/>
  <system-out/>
</testsuite> <!-- com.zoopla.test.Propertytest -->
