<?xml version="1.0" encoding="UTF-8"?>
<!-- Generated by org.testng.reporters.JUnitReportReporter -->
<testsuite skipped="0" hostname="BRTL059" name="com.zoopla.test.Searchtest" tests="2" failures="0" timestamp="2020-09-02T02:28:41 PDT" time="20.456" errors="0">
  <testcase name="VarifyHomepagelabeltest" time="2.665" classname="com.zoopla.test.Searchtest"/>
  <system-out/>
  <testcase name="Varifycitynametest" time="17.791" classname="com.zoopla.test.Searchtest"/>
  <system-out/>
</testsuite> <!-- com.zoopla.test.Searchtest -->
