<?xml version="1.0" encoding="UTF-8"?>
<!-- Generated by org.testng.reporters.JUnitReportReporter -->
<testsuite skipped="0" hostname="BRTL059" name="com.zoopla.test.Searchtest" tests="2" failures="0" timestamp="2020-09-03T03:40:27 PDT" time="26.229" errors="0">
  <testcase name="VarifyHomepagelabeltest" time="2.595" classname="com.zoopla.test.Searchtest"/>
  <system-out/>
  <testcase name="Varifycitynametest" time="23.634" classname="com.zoopla.test.Searchtest"/>
  <system-out/>
</testsuite> <!-- com.zoopla.test.Searchtest -->
