<?xml version="1.0" encoding="UTF-8"?>
<!-- Generated by org.testng.reporters.JUnitReportReporter -->
<testsuite skipped="0" hostname="BRTL059" name="com.zoopla.test.Searchtest" tests="2" failures="0" timestamp="2020-08-31T03:48:18 PDT" time="14.393" errors="0">
  <testcase name="VarifyHomepagelabeltest" time="2.991" classname="com.zoopla.test.Searchtest"/>
  <system-out/>
  <testcase name="Varifycitynametest" time="11.402" classname="com.zoopla.test.Searchtest"/>
  <system-out/>
</testsuite> <!-- com.zoopla.test.Searchtest -->
