<?xml version="1.0" encoding="UTF-8"?>
<!-- Generated by org.testng.reporters.JUnitReportReporter -->
<testsuite skipped="0" hostname="BRTL059" name="com.zoopla.test.Fiftyproptest" tests="4" failures="0" timestamp="2020-09-03T03:40:27 PDT" time="3.450" errors="0">
  <testcase name="Varifyagentlogotest" time="0.084" classname="com.zoopla.test.Fiftyproptest"/>
  <system-out/>
  <testcase name="Varifyagentnametest" time="0.094" classname="com.zoopla.test.Fiftyproptest"/>
  <system-out/>
  <testcase name="Varifyagentnotest" time="2.663" classname="com.zoopla.test.Fiftyproptest"/>
  <system-out/>
  <testcase name="Validateagentnametest" time="0.609" classname="com.zoopla.test.Fiftyproptest"/>
  <system-out/>
</testsuite> <!-- com.zoopla.test.Fiftyproptest -->
