<?xml version="1.0" encoding="UTF-8"?>
<!-- Generated by org.testng.reporters.JUnitReportReporter -->
<testsuite skipped="2" hostname="BRTL059" name="com.zoopla.test.Searchtest" tests="2" failures="0" timestamp="2020-09-03T02:58:40 PDT" time="0.000" errors="0">
  <testcase name="VarifyHomepagelabeltest" time="0.000" classname="com.zoopla.test.Searchtest">
    <skipped/>
  </testcase> <!-- VarifyHomepagelabeltest -->
  <system-out/>
  <testcase name="Varifycitynametest" time="0.000" classname="com.zoopla.test.Searchtest">
    <skipped/>
  </testcase> <!-- Varifycitynametest -->
  <system-out/>
</testsuite> <!-- com.zoopla.test.Searchtest -->
