<?xml version="1.0" encoding="UTF-8"?>
<!-- Generated by org.testng.reporters.JUnitReportReporter -->
<testsuite skipped="0" hostname="BRTL059" name="com.zoopla.test.Fiftyproptest" tests="4" failures="0" timestamp="2020-09-03T04:07:44 PDT" time="10.503" errors="0">
  <testcase name="Varifyagentlogotest" time="1.688" classname="com.zoopla.test.Fiftyproptest"/>
  <system-out/>
  <testcase name="Varifyagentnametest" time="0.062" classname="com.zoopla.test.Fiftyproptest"/>
  <system-out/>
  <testcase name="Varifyagentnotest" time="8.692" classname="com.zoopla.test.Fiftyproptest"/>
  <system-out/>
  <testcase name="Validateagentnametest" time="0.061" classname="com.zoopla.test.Fiftyproptest"/>
  <system-out/>
</testsuite> <!-- com.zoopla.test.Fiftyproptest -->
