<?xml version="1.0" encoding="UTF-8"?>
<!-- Generated by org.testng.reporters.JUnitReportReporter -->
<testsuite skipped="0" hostname="BRTL059" name="com.zoopla.test.Searchtest" tests="2" failures="0" timestamp="2020-09-03T03:55:52 PDT" time="23.278" errors="0">
  <testcase name="VarifyHomepagelabeltest" time="2.582" classname="com.zoopla.test.Searchtest"/>
  <system-out/>
  <testcase name="Varifycitynametest" time="20.696" classname="com.zoopla.test.Searchtest"/>
  <system-out/>
</testsuite> <!-- com.zoopla.test.Searchtest -->
