<?xml version="1.0" encoding="UTF-8"?>
<!-- Generated by org.testng.reporters.JUnitReportReporter -->
<testsuite skipped="0" hostname="BRTL059" name="com.zoopla.test.Fiftyproptest" tests="4" failures="0" timestamp="2020-09-03T03:55:52 PDT" time="16.274" errors="0">
  <testcase name="Varifyagentlogotest" time="10.477" classname="com.zoopla.test.Fiftyproptest"/>
  <system-out/>
  <testcase name="Varifyagentnametest" time="0.184" classname="com.zoopla.test.Fiftyproptest"/>
  <system-out/>
  <testcase name="Varifyagentnotest" time="5.268" classname="com.zoopla.test.Fiftyproptest"/>
  <system-out/>
  <testcase name="Validateagentnametest" time="0.345" classname="com.zoopla.test.Fiftyproptest"/>
  <system-out/>
</testsuite> <!-- com.zoopla.test.Fiftyproptest -->
