<?xml version="1.0" encoding="UTF-8"?>
<!-- Generated by org.testng.reporters.JUnitReportReporter -->
<testsuite skipped="0" hostname="BRTL059" name="com.zoopla.test.Propertytest" tests="4" failures="0" timestamp="2020-09-03T04:07:44 PDT" time="28.220" errors="0">
  <testcase name="Varifytitletest" time="2.018" classname="com.zoopla.test.Propertytest"/>
  <system-out/>
  <testcase name="VarifyListofPropTest" time="0.286" classname="com.zoopla.test.Propertytest"/>
  <system-out/>
  <testcase name="VarifyPropertyListValuesTest" time="15.724" classname="com.zoopla.test.Propertytest"/>
  <system-out/>
  <testcase name="Varify5thPropertyValuesTest" time="10.192" classname="com.zoopla.test.Propertytest"/>
  <system-out/>
</testsuite> <!-- com.zoopla.test.Propertytest -->
