<?xml version="1.0" encoding="UTF-8"?>
<!-- Generated by org.testng.reporters.JUnitReportReporter -->
<testsuite skipped="4" hostname="BRTL059" name="com.zoopla.test.Propertytest" tests="4" failures="0" timestamp="2020-09-03T02:58:40 PDT" time="0.000" errors="0">
  <testcase name="Varifytitletest" time="0.000" classname="com.zoopla.test.Propertytest">
    <skipped/>
  </testcase> <!-- Varifytitletest -->
  <system-out/>
  <testcase name="VarifyListofPropTest" time="0.000" classname="com.zoopla.test.Propertytest">
    <skipped/>
  </testcase> <!-- VarifyListofPropTest -->
  <system-out/>
  <testcase name="VarifyPropertyListValuesTest" time="0.000" classname="com.zoopla.test.Propertytest">
    <skipped/>
  </testcase> <!-- VarifyPropertyListValuesTest -->
  <system-out/>
  <testcase name="Varify5thPropertyValuesTest" time="0.000" classname="com.zoopla.test.Propertytest">
    <skipped/>
  </testcase> <!-- Varify5thPropertyValuesTest -->
  <system-out/>
</testsuite> <!-- com.zoopla.test.Propertytest -->
